<?xml version="1.0" encoding="utf-8"?>
<TestRun id="658467a7-a297-43ed-bd32-978a56acce1d" name="savag@MINI-GAMER 2026-05-26 18:19:50" runUser="MINI-GAMER\savag" xmlns="http://microsoft.com/schemas/VisualStudio/TeamTest/2010">
  <Times creation="2026-05-26T18:19:50.9656298-07:00" queuing="2026-05-26T18:19:50.9656299-07:00" start="2026-05-26T18:19:50.5188187-07:00" finish="2026-05-26T18:19:50.9682782-07:00" />
  <TestSettings name="default" id="814b9bd6-2b46-4809-bfb5-0b68da692321">
    <Deployment runDeploymentRoot="savag_MINI-GAMER_2026-05-26_18_19_50" />
  </TestSettings>
  <Results>
    <UnitTestResult executionId="a5082ae8-afc2-4f8a-b1cf-c08e57ab3c35" testId="89ff8333-d958-7233-c32e-a6a3b9813832" testName="OpenGoPro.Client.Tests.UnitTest1.Test1" computerName="MINI-GAMER" duration="00:00:00.0015218" startTime="2026-05-26T18:19:50.8915223-07:00" endTime="2026-05-26T18:19:50.8966856-07:00" testType="13cdc9d9-ddb5-4fa4-a97d-d965ccfc6d4b" outcome="Passed" testListId="8c84fa94-04c1-424b-9868-57a2d4851a1d" relativeResultsDirectory="a5082ae8-afc2-4f8a-b1cf-c08e57ab3c35" />
  </Results>
  <TestDefinitions>
    <UnitTest name="OpenGoPro.Client.Tests.UnitTest1.Test1" storage="e:\repos\ogpmcpsharp\tests\opengopro.client.tests\bin\debug\net10.0\opengopro.client.tests.dll" id="89ff8333-d958-7233-c32e-a6a3b9813832">
      <Execution id="a5082ae8-afc2-4f8a-b1cf-c08e57ab3c35" />
      <TestMethod codeBase="E:\repos\ogpmcpsharp\tests\OpenGoPro.Client.Tests\bin\Debug\net10.0\OpenGoPro.Client.Tests.dll" adapterTypeName="executor://xunit/VsTestRunner3/netcore/" className="OpenGoPro.Client.Tests.UnitTest1" name="Test1" />
    </UnitTest>
  </TestDefinitions>
  <TestEntries>
    <TestEntry testId="89ff8333-d958-7233-c32e-a6a3b9813832" executionId="a5082ae8-afc2-4f8a-b1cf-c08e57ab3c35" testListId="8c84fa94-04c1-424b-9868-57a2d4851a1d" />
  </TestEntries>
  <TestLists>
    <TestList name="Results Not in a List" id="8c84fa94-04c1-424b-9868-57a2d4851a1d" />
    <TestList name="All Loaded Results" id="19431567-8539-422a-85d7-44ee4e166bda" />
  </TestLists>
  <ResultSummary outcome="Completed">
    <Counters total="1" executed="1" passed="1" failed="0" error="0" timeout="0" aborted="0" inconclusive="0" passedButRunAborted="0" notRunnable="0" notExecuted="0" disconnected="0" warning="0" completed="0" inProgress="0" pending="0" />
    <Output>
      <StdOut>[xUnit.net 00:00:00.00] xUnit.net VSTest Adapter v3.1.4+50e68bbb8b (64-bit .NET 10.0.8)&#xD;
[xUnit.net 00:00:00.04]   Discovering: OpenGoPro.Client.Tests&#xD;
[xUnit.net 00:00:00.07]   Discovered:  OpenGoPro.Client.Tests&#xD;
[xUnit.net 00:00:00.08]   Starting:    OpenGoPro.Client.Tests&#xD;
[xUnit.net 00:00:00.11]   Finished:    OpenGoPro.Client.Tests&#xD;
</StdOut>
    </Output>
  </ResultSummary>
</TestRun>